### Project : p04-XML-Parsers
### package : org.mql.java.xml
### ANNOTATION : org.mql.java.xml.Annot1
### ANNOTATION : org.mql.java.xml.Annotationn
### ENUMERATION : org.mql.java.xml.enum1
### CLASS : org.mql.java.xml.Examples
### INTERFACE : org.mql.java.xml.Inter1
### package : org.mql.java.xml.dom
### CLASS : org.mql.java.xml.dom.AuthorsParser
### CLASS : org.mql.java.xml.dom.XMLNode
### CLASS : org.mql.java.xml.dom.XMLNodeProf
### package : org.mql.java.xml.models
### CLASS : org.mql.java.xml.models.Author
### CLASS : org.mql.java.xml.models.Child
### CLASS : org.mql.java.xml.models.Date
### INTERFACE : org.mql.java.xml.models.Hello
### INTERFACE : org.mql.java.xml.models.Hello2
### CLASS : org.mql.java.xml.models.Parent
### CLASS : org.mql.java.xml.models.Test
### CLASS : org.mql.java.xml.models.Test2
### CLASS : org.mql.java.xml.models.Test3
### package : org.mql.java.xml.sax
### CLASS : org.mql.java.xml.sax.FormHandler
### CLASS : org.mql.java.xml.sax.FormParser
### CLASS : org.mql.java.xml.sax.FormParser2
### CLASS : org.mql.java.xml.sax.FormParserMe
### package : org.mql.java.xml.ui
### CLASS : org.mql.java.xml.ui.ButtonPanel
### CLASS : org.mql.java.xml.ui.ChoicePanel
### CLASS : org.mql.java.xml.ui.Form
### CLASS : org.mql.java.xml.ui.LabelTextField
